<?xml version="1.0" encoding="UTF-8"?>
<testsuite name="com.iia.calculette.ui.UIConsoleTest" tests="2" skipped="0" failures="0" errors="0" timestamp="2018-06-11T09:35:32" hostname="Asus-Julien" time="0.009">
  <properties/>
  <testcase name="getContentTest" classname="com.iia.calculette.ui.UIConsoleTest" time="0.002"/>
  <testcase name="displayTest" classname="com.iia.calculette.ui.UIConsoleTest" time="0.007"/>
  <system-out><![CDATA[]]></system-out>
  <system-err><![CDATA[]]></system-err>
</testsuite>
