<?xml version="1.0" encoding="UTF-8"?>
<testsuite name="com.iia.calculette.ApplicationTest" tests="1" skipped="0" failures="0" errors="0" timestamp="2018-06-11T09:35:32" hostname="Asus-Julien" time="0.002">
  <properties/>
  <testcase name="testApplication" classname="com.iia.calculette.ApplicationTest" time="0.002"/>
  <system-out><![CDATA[]]></system-out>
  <system-err><![CDATA[]]></system-err>
</testsuite>
